[25-Feb-2020 10:20:30 UTC] PHP Parse error:  syntax error, unexpected 'define' (T_STRING) in /Users/philiplagergrenydehed/Local Sites/realestate/app/public/wp-config.php on line 23
[25-Feb-2020 13:45:33 UTC] PHP Warning:  call_user_func_array() expects parameter 1 to be a valid callback, function 'twentyseventeen_default_header' not found or invalid function name in /Users/Gunnahr/Desktop/LocalSites/realestate/app/public/wp-includes/class-wp-hook.php on line 288
[25-Feb-2020 13:45:33 UTC] PHP Stack trace:
[25-Feb-2020 13:45:33 UTC] PHP   1. {main}() /Users/Gunnahr/Desktop/LocalSites/realestate/app/public/index.php:0
[25-Feb-2020 13:45:33 UTC] PHP   2. require() /Users/Gunnahr/Desktop/LocalSites/realestate/app/public/index.php:17
[25-Feb-2020 13:45:33 UTC] PHP   3. require_once() /Users/Gunnahr/Desktop/LocalSites/realestate/app/public/wp-blog-header.php:13
[25-Feb-2020 13:45:33 UTC] PHP   4. require_once() /Users/Gunnahr/Desktop/LocalSites/realestate/app/public/wp-load.php:37
[25-Feb-2020 13:45:33 UTC] PHP   5. require_once() /Users/Gunnahr/Desktop/LocalSites/realestate/app/public/wp-config.php:90
[25-Feb-2020 13:45:33 UTC] PHP   6. do_action() /Users/Gunnahr/Desktop/LocalSites/realestate/app/public/wp-settings.php:507
[25-Feb-2020 13:45:33 UTC] PHP   7. WP_Hook->do_action() /Users/Gunnahr/Desktop/LocalSites/realestate/app/public/wp-includes/plugin.php:478
[25-Feb-2020 13:45:33 UTC] PHP   8. WP_Hook->apply_filters() /Users/Gunnahr/Desktop/LocalSites/realestate/app/public/wp-includes/class-wp-hook.php:312
[25-Feb-2020 13:45:37 UTC] PHP Warning:  call_user_func_array() expects parameter 1 to be a valid callback, function 'twentyseventeen_default_header' not found or invalid function name in /Users/Gunnahr/Desktop/LocalSites/realestate/app/public/wp-includes/class-wp-hook.php on line 288
[25-Feb-2020 13:45:37 UTC] PHP Stack trace:
[25-Feb-2020 13:45:37 UTC] PHP   1. {main}() /Users/Gunnahr/Desktop/LocalSites/realestate/app/public/index.php:0
[25-Feb-2020 13:45:37 UTC] PHP   2. require() /Users/Gunnahr/Desktop/LocalSites/realestate/app/public/index.php:17
[25-Feb-2020 13:45:37 UTC] PHP   3. require_once() /Users/Gunnahr/Desktop/LocalSites/realestate/app/public/wp-blog-header.php:13
[25-Feb-2020 13:45:37 UTC] PHP   4. require_once() /Users/Gunnahr/Desktop/LocalSites/realestate/app/public/wp-load.php:37
[25-Feb-2020 13:45:37 UTC] PHP   5. require_once() /Users/Gunnahr/Desktop/LocalSites/realestate/app/public/wp-config.php:90
[25-Feb-2020 13:45:37 UTC] PHP   6. do_action() /Users/Gunnahr/Desktop/LocalSites/realestate/app/public/wp-settings.php:507
[25-Feb-2020 13:45:37 UTC] PHP   7. WP_Hook->do_action() /Users/Gunnahr/Desktop/LocalSites/realestate/app/public/wp-includes/plugin.php:478
[25-Feb-2020 13:45:37 UTC] PHP   8. WP_Hook->apply_filters() /Users/Gunnahr/Desktop/LocalSites/realestate/app/public/wp-includes/class-wp-hook.php:312
[25-Feb-2020 13:45:45 UTC] PHP Warning:  call_user_func_array() expects parameter 1 to be a valid callback, function 'twentyseventeen_default_header' not found or invalid function name in /Users/Gunnahr/Desktop/LocalSites/realestate/app/public/wp-includes/class-wp-hook.php on line 288
[25-Feb-2020 13:45:45 UTC] PHP Stack trace:
[25-Feb-2020 13:45:45 UTC] PHP   1. {main}() /Users/Gunnahr/Desktop/LocalSites/realestate/app/public/index.php:0
[25-Feb-2020 13:45:45 UTC] PHP   2. require() /Users/Gunnahr/Desktop/LocalSites/realestate/app/public/index.php:17
[25-Feb-2020 13:45:45 UTC] PHP   3. require_once() /Users/Gunnahr/Desktop/LocalSites/realestate/app/public/wp-blog-header.php:13
[25-Feb-2020 13:45:45 UTC] PHP   4. require_once() /Users/Gunnahr/Desktop/LocalSites/realestate/app/public/wp-load.php:37
[25-Feb-2020 13:45:45 UTC] PHP   5. require_once() /Users/Gunnahr/Desktop/LocalSites/realestate/app/public/wp-config.php:90
[25-Feb-2020 13:45:45 UTC] PHP   6. do_action() /Users/Gunnahr/Desktop/LocalSites/realestate/app/public/wp-settings.php:507
[25-Feb-2020 13:45:45 UTC] PHP   7. WP_Hook->do_action() /Users/Gunnahr/Desktop/LocalSites/realestate/app/public/wp-includes/plugin.php:478
[25-Feb-2020 13:45:45 UTC] PHP   8. WP_Hook->apply_filters() /Users/Gunnahr/Desktop/LocalSites/realestate/app/public/wp-includes/class-wp-hook.php:312
[25-Feb-2020 13:45:59 UTC] PHP Warning:  call_user_func_array() expects parameter 1 to be a valid callback, function 'twentyseventeen_default_header' not found or invalid function name in /Users/Gunnahr/Desktop/LocalSites/realestate/app/public/wp-includes/class-wp-hook.php on line 288
[25-Feb-2020 13:45:59 UTC] PHP Stack trace:
[25-Feb-2020 13:45:59 UTC] PHP   1. {main}() /Users/Gunnahr/Desktop/LocalSites/realestate/app/public/index.php:0
[25-Feb-2020 13:45:59 UTC] PHP   2. require() /Users/Gunnahr/Desktop/LocalSites/realestate/app/public/index.php:17
[25-Feb-2020 13:45:59 UTC] PHP   3. require_once() /Users/Gunnahr/Desktop/LocalSites/realestate/app/public/wp-blog-header.php:13
[25-Feb-2020 13:45:59 UTC] PHP   4. require_once() /Users/Gunnahr/Desktop/LocalSites/realestate/app/public/wp-load.php:37
[25-Feb-2020 13:45:59 UTC] PHP   5. require_once() /Users/Gunnahr/Desktop/LocalSites/realestate/app/public/wp-config.php:90
[25-Feb-2020 13:45:59 UTC] PHP   6. do_action() /Users/Gunnahr/Desktop/LocalSites/realestate/app/public/wp-settings.php:507
[25-Feb-2020 13:45:59 UTC] PHP   7. WP_Hook->do_action() /Users/Gunnahr/Desktop/LocalSites/realestate/app/public/wp-includes/plugin.php:478
[25-Feb-2020 13:45:59 UTC] PHP   8. WP_Hook->apply_filters() /Users/Gunnahr/Desktop/LocalSites/realestate/app/public/wp-includes/class-wp-hook.php:312
[25-Feb-2020 13:46:12 UTC] PHP Warning:  call_user_func_array() expects parameter 1 to be a valid callback, function 'twentyseventeen_default_header' not found or invalid function name in /Users/Gunnahr/Desktop/LocalSites/realestate/app/public/wp-includes/class-wp-hook.php on line 288
[25-Feb-2020 13:46:12 UTC] PHP Stack trace:
[25-Feb-2020 13:46:12 UTC] PHP   1. {main}() /Users/Gunnahr/Desktop/LocalSites/realestate/app/public/index.php:0
[25-Feb-2020 13:46:12 UTC] PHP   2. require() /Users/Gunnahr/Desktop/LocalSites/realestate/app/public/index.php:17
[25-Feb-2020 13:46:12 UTC] PHP   3. require_once() /Users/Gunnahr/Desktop/LocalSites/realestate/app/public/wp-blog-header.php:13
[25-Feb-2020 13:46:12 UTC] PHP   4. require_once() /Users/Gunnahr/Desktop/LocalSites/realestate/app/public/wp-load.php:37
[25-Feb-2020 13:46:12 UTC] PHP   5. require_once() /Users/Gunnahr/Desktop/LocalSites/realestate/app/public/wp-config.php:90
[25-Feb-2020 13:46:12 UTC] PHP   6. do_action() /Users/Gunnahr/Desktop/LocalSites/realestate/app/public/wp-settings.php:507
[25-Feb-2020 13:46:12 UTC] PHP   7. WP_Hook->do_action() /Users/Gunnahr/Desktop/LocalSites/realestate/app/public/wp-includes/plugin.php:478
[25-Feb-2020 13:46:12 UTC] PHP   8. WP_Hook->apply_filters() /Users/Gunnahr/Desktop/LocalSites/realestate/app/public/wp-includes/class-wp-hook.php:312
[25-Feb-2020 13:46:40 UTC] PHP Warning:  call_user_func_array() expects parameter 1 to be a valid callback, function 'twentyseventeen_default_header' not found or invalid function name in /Users/Gunnahr/Desktop/LocalSites/realestate/app/public/wp-includes/class-wp-hook.php on line 288
[25-Feb-2020 13:46:40 UTC] PHP Stack trace:
[25-Feb-2020 13:46:40 UTC] PHP   1. {main}() /Users/Gunnahr/Desktop/LocalSites/realestate/app/public/index.php:0
[25-Feb-2020 13:46:40 UTC] PHP   2. require() /Users/Gunnahr/Desktop/LocalSites/realestate/app/public/index.php:17
[25-Feb-2020 13:46:40 UTC] PHP   3. require_once() /Users/Gunnahr/Desktop/LocalSites/realestate/app/public/wp-blog-header.php:13
[25-Feb-2020 13:46:40 UTC] PHP   4. require_once() /Users/Gunnahr/Desktop/LocalSites/realestate/app/public/wp-load.php:37
[25-Feb-2020 13:46:40 UTC] PHP   5. require_once() /Users/Gunnahr/Desktop/LocalSites/realestate/app/public/wp-config.php:90
[25-Feb-2020 13:46:40 UTC] PHP   6. do_action() /Users/Gunnahr/Desktop/LocalSites/realestate/app/public/wp-settings.php:507
[25-Feb-2020 13:46:40 UTC] PHP   7. WP_Hook->do_action() /Users/Gunnahr/Desktop/LocalSites/realestate/app/public/wp-includes/plugin.php:478
[25-Feb-2020 13:46:40 UTC] PHP   8. WP_Hook->apply_filters() /Users/Gunnahr/Desktop/LocalSites/realestate/app/public/wp-includes/class-wp-hook.php:312
[25-Feb-2020 13:47:01 UTC] PHP Warning:  call_user_func_array() expects parameter 1 to be a valid callback, function 'twentyseventeen_default_header' not found or invalid function name in /Users/Gunnahr/Desktop/LocalSites/realestate/app/public/wp-includes/class-wp-hook.php on line 288
[25-Feb-2020 13:47:01 UTC] PHP Stack trace:
[25-Feb-2020 13:47:01 UTC] PHP   1. {main}() /Users/Gunnahr/Desktop/LocalSites/realestate/app/public/index.php:0
[25-Feb-2020 13:47:01 UTC] PHP   2. require() /Users/Gunnahr/Desktop/LocalSites/realestate/app/public/index.php:17
[25-Feb-2020 13:47:01 UTC] PHP   3. require_once() /Users/Gunnahr/Desktop/LocalSites/realestate/app/public/wp-blog-header.php:13
[25-Feb-2020 13:47:01 UTC] PHP   4. require_once() /Users/Gunnahr/Desktop/LocalSites/realestate/app/public/wp-load.php:37
[25-Feb-2020 13:47:01 UTC] PHP   5. require_once() /Users/Gunnahr/Desktop/LocalSites/realestate/app/public/wp-config.php:90
[25-Feb-2020 13:47:01 UTC] PHP   6. do_action() /Users/Gunnahr/Desktop/LocalSites/realestate/app/public/wp-settings.php:507
[25-Feb-2020 13:47:01 UTC] PHP   7. WP_Hook->do_action() /Users/Gunnahr/Desktop/LocalSites/realestate/app/public/wp-includes/plugin.php:478
[25-Feb-2020 13:47:01 UTC] PHP   8. WP_Hook->apply_filters() /Users/Gunnahr/Desktop/LocalSites/realestate/app/public/wp-includes/class-wp-hook.php:312
[25-Feb-2020 13:47:16 UTC] PHP Warning:  call_user_func_array() expects parameter 1 to be a valid callback, function 'twentyseventeen_default_header' not found or invalid function name in /Users/Gunnahr/Desktop/LocalSites/realestate/app/public/wp-includes/class-wp-hook.php on line 288
[25-Feb-2020 13:47:16 UTC] PHP Stack trace:
[25-Feb-2020 13:47:16 UTC] PHP   1. {main}() /Users/Gunnahr/Desktop/LocalSites/realestate/app/public/wp-admin/admin-ajax.php:0
[25-Feb-2020 13:47:16 UTC] PHP   2. require_once() /Users/Gunnahr/Desktop/LocalSites/realestate/app/public/wp-admin/admin-ajax.php:22
[25-Feb-2020 13:47:16 UTC] PHP   3. require_once() /Users/Gunnahr/Desktop/LocalSites/realestate/app/public/wp-load.php:37
[25-Feb-2020 13:47:16 UTC] PHP   4. require_once() /Users/Gunnahr/Desktop/LocalSites/realestate/app/public/wp-config.php:90
[25-Feb-2020 13:47:16 UTC] PHP   5. do_action() /Users/Gunnahr/Desktop/LocalSites/realestate/app/public/wp-settings.php:507
[25-Feb-2020 13:47:16 UTC] PHP   6. WP_Hook->do_action() /Users/Gunnahr/Desktop/LocalSites/realestate/app/public/wp-includes/plugin.php:478
[25-Feb-2020 13:47:16 UTC] PHP   7. WP_Hook->apply_filters() /Users/Gunnahr/Desktop/LocalSites/realestate/app/public/wp-includes/class-wp-hook.php:312
[25-Feb-2020 13:47:28 UTC] PHP Warning:  call_user_func_array() expects parameter 1 to be a valid callback, function 'twentyseventeen_default_header' not found or invalid function name in /Users/Gunnahr/Desktop/LocalSites/realestate/app/public/wp-includes/class-wp-hook.php on line 288
[25-Feb-2020 13:47:28 UTC] PHP Stack trace:
[25-Feb-2020 13:47:28 UTC] PHP   1. {main}() /Users/Gunnahr/Desktop/LocalSites/realestate/app/public/wp-admin/themes.php:0
[25-Feb-2020 13:47:28 UTC] PHP   2. require_once() /Users/Gunnahr/Desktop/LocalSites/realestate/app/public/wp-admin/themes.php:10
[25-Feb-2020 13:47:28 UTC] PHP   3. require_once() /Users/Gunnahr/Desktop/LocalSites/realestate/app/public/wp-admin/admin.php:34
[25-Feb-2020 13:47:28 UTC] PHP   4. require_once() /Users/Gunnahr/Desktop/LocalSites/realestate/app/public/wp-load.php:37
[25-Feb-2020 13:47:28 UTC] PHP   5. require_once() /Users/Gunnahr/Desktop/LocalSites/realestate/app/public/wp-config.php:90
[25-Feb-2020 13:47:28 UTC] PHP   6. do_action() /Users/Gunnahr/Desktop/LocalSites/realestate/app/public/wp-settings.php:507
[25-Feb-2020 13:47:28 UTC] PHP   7. WP_Hook->do_action() /Users/Gunnahr/Desktop/LocalSites/realestate/app/public/wp-includes/plugin.php:478
[25-Feb-2020 13:47:28 UTC] PHP   8. WP_Hook->apply_filters() /Users/Gunnahr/Desktop/LocalSites/realestate/app/public/wp-includes/class-wp-hook.php:312
[25-Feb-2020 13:51:02 UTC] PHP Warning:  call_user_func_array() expects parameter 1 to be a valid callback, function 'twentyseventeen_default_header' not found or invalid function name in /Users/Gunnahr/Desktop/LocalSites/realestate/app/public/wp-includes/class-wp-hook.php on line 288
[25-Feb-2020 13:51:02 UTC] PHP Stack trace:
[25-Feb-2020 13:51:02 UTC] PHP   1. {main}() /Users/Gunnahr/Desktop/LocalSites/realestate/app/public/index.php:0
[25-Feb-2020 13:51:02 UTC] PHP   2. require() /Users/Gunnahr/Desktop/LocalSites/realestate/app/public/index.php:17
[25-Feb-2020 13:51:02 UTC] PHP   3. require_once() /Users/Gunnahr/Desktop/LocalSites/realestate/app/public/wp-blog-header.php:13
[25-Feb-2020 13:51:02 UTC] PHP   4. require_once() /Users/Gunnahr/Desktop/LocalSites/realestate/app/public/wp-load.php:37
[25-Feb-2020 13:51:02 UTC] PHP   5. require_once() /Users/Gunnahr/Desktop/LocalSites/realestate/app/public/wp-config.php:90
[25-Feb-2020 13:51:02 UTC] PHP   6. do_action() /Users/Gunnahr/Desktop/LocalSites/realestate/app/public/wp-settings.php:507
[25-Feb-2020 13:51:02 UTC] PHP   7. WP_Hook->do_action() /Users/Gunnahr/Desktop/LocalSites/realestate/app/public/wp-includes/plugin.php:478
[25-Feb-2020 13:51:02 UTC] PHP   8. WP_Hook->apply_filters() /Users/Gunnahr/Desktop/LocalSites/realestate/app/public/wp-includes/class-wp-hook.php:312
[25-Feb-2020 13:51:32 UTC] PHP Warning:  call_user_func_array() expects parameter 1 to be a valid callback, function 'twentyseventeen_default_header' not found or invalid function name in /Users/Gunnahr/Desktop/LocalSites/realestate/app/public/wp-includes/class-wp-hook.php on line 288
[25-Feb-2020 13:51:32 UTC] PHP Stack trace:
[25-Feb-2020 13:51:32 UTC] PHP   1. {main}() /Users/Gunnahr/Desktop/LocalSites/realestate/app/public/wp-admin/admin-ajax.php:0
[25-Feb-2020 13:51:32 UTC] PHP   2. require_once() /Users/Gunnahr/Desktop/LocalSites/realestate/app/public/wp-admin/admin-ajax.php:22
[25-Feb-2020 13:51:32 UTC] PHP   3. require_once() /Users/Gunnahr/Desktop/LocalSites/realestate/app/public/wp-load.php:37
[25-Feb-2020 13:51:32 UTC] PHP   4. require_once() /Users/Gunnahr/Desktop/LocalSites/realestate/app/public/wp-config.php:90
[25-Feb-2020 13:51:32 UTC] PHP   5. do_action() /Users/Gunnahr/Desktop/LocalSites/realestate/app/public/wp-settings.php:507
[25-Feb-2020 13:51:32 UTC] PHP   6. WP_Hook->do_action() /Users/Gunnahr/Desktop/LocalSites/realestate/app/public/wp-includes/plugin.php:478
[25-Feb-2020 13:51:32 UTC] PHP   7. WP_Hook->apply_filters() /Users/Gunnahr/Desktop/LocalSites/realestate/app/public/wp-includes/class-wp-hook.php:312
[25-Feb-2020 13:52:33 UTC] PHP Warning:  call_user_func_array() expects parameter 1 to be a valid callback, function 'twentyseventeen_default_header' not found or invalid function name in /Users/Gunnahr/Desktop/LocalSites/realestate/app/public/wp-includes/class-wp-hook.php on line 288
[25-Feb-2020 13:52:33 UTC] PHP Stack trace:
[25-Feb-2020 13:52:33 UTC] PHP   1. {main}() /Users/Gunnahr/Desktop/LocalSites/realestate/app/public/wp-admin/admin-ajax.php:0
[25-Feb-2020 13:52:33 UTC] PHP   2. require_once() /Users/Gunnahr/Desktop/LocalSites/realestate/app/public/wp-admin/admin-ajax.php:22
[25-Feb-2020 13:52:33 UTC] PHP   3. require_once() /Users/Gunnahr/Desktop/LocalSites/realestate/app/public/wp-load.php:37
[25-Feb-2020 13:52:33 UTC] PHP   4. require_once() /Users/Gunnahr/Desktop/LocalSites/realestate/app/public/wp-config.php:90
[25-Feb-2020 13:52:33 UTC] PHP   5. do_action() /Users/Gunnahr/Desktop/LocalSites/realestate/app/public/wp-settings.php:507
[25-Feb-2020 13:52:33 UTC] PHP   6. WP_Hook->do_action() /Users/Gunnahr/Desktop/LocalSites/realestate/app/public/wp-includes/plugin.php:478
[25-Feb-2020 13:52:33 UTC] PHP   7. WP_Hook->apply_filters() /Users/Gunnahr/Desktop/LocalSites/realestate/app/public/wp-includes/class-wp-hook.php:312
[25-Feb-2020 13:54:33 UTC] PHP Warning:  call_user_func_array() expects parameter 1 to be a valid callback, function 'twentyseventeen_default_header' not found or invalid function name in /Users/Gunnahr/Desktop/LocalSites/realestate/app/public/wp-includes/class-wp-hook.php on line 288
[25-Feb-2020 13:54:33 UTC] PHP Stack trace:
[25-Feb-2020 13:54:33 UTC] PHP   1. {main}() /Users/Gunnahr/Desktop/LocalSites/realestate/app/public/wp-admin/admin-ajax.php:0
[25-Feb-2020 13:54:33 UTC] PHP   2. require_once() /Users/Gunnahr/Desktop/LocalSites/realestate/app/public/wp-admin/admin-ajax.php:22
[25-Feb-2020 13:54:33 UTC] PHP   3. require_once() /Users/Gunnahr/Desktop/LocalSites/realestate/app/public/wp-load.php:37
[25-Feb-2020 13:54:33 UTC] PHP   4. require_once() /Users/Gunnahr/Desktop/LocalSites/realestate/app/public/wp-config.php:90
[25-Feb-2020 13:54:33 UTC] PHP   5. do_action() /Users/Gunnahr/Desktop/LocalSites/realestate/app/public/wp-settings.php:507
[25-Feb-2020 13:54:33 UTC] PHP   6. WP_Hook->do_action() /Users/Gunnahr/Desktop/LocalSites/realestate/app/public/wp-includes/plugin.php:478
[25-Feb-2020 13:54:33 UTC] PHP   7. WP_Hook->apply_filters() /Users/Gunnahr/Desktop/LocalSites/realestate/app/public/wp-includes/class-wp-hook.php:312
