[25-Feb-2020 11:18:23] NOTICE: fpm is running, pid 24638
[25-Feb-2020 11:18:23] NOTICE: ready to handle connections
[25-Feb-2020 11:20:10] NOTICE: Terminating ...
[25-Feb-2020 11:20:10] NOTICE: Terminating ...
[25-Feb-2020 11:20:10] NOTICE: exiting, bye-bye!
[25-Feb-2020 11:20:14] NOTICE: fpm is running, pid 24938
[25-Feb-2020 11:20:14] NOTICE: ready to handle connections
[25-Feb-2020 12:38:54] NOTICE: Terminating ...
[25-Feb-2020 12:38:54] NOTICE: Terminating ...
[25-Feb-2020 12:38:54] NOTICE: exiting, bye-bye!
[25-Feb-2020 12:38:58] NOTICE: fpm is running, pid 27546
[25-Feb-2020 12:38:58] NOTICE: ready to handle connections
[25-Feb-2020 12:40:15] NOTICE: Terminating ...
[25-Feb-2020 12:40:15] NOTICE: Terminating ...
[25-Feb-2020 12:40:15] NOTICE: exiting, bye-bye!
[25-Feb-2020 12:40:18] NOTICE: fpm is running, pid 27618
[25-Feb-2020 12:40:18] NOTICE: ready to handle connections
[25-Feb-2020 12:57:12] NOTICE: fpm is running, pid 6133
[25-Feb-2020 12:57:12] NOTICE: ready to handle connections
[25-Feb-2020 18:24:55] NOTICE: Terminating ...
[25-Feb-2020 18:24:55] NOTICE: Terminating ...
[25-Feb-2020 18:24:55] NOTICE: exiting, bye-bye!
[26-Feb-2020 12:07:18] NOTICE: fpm is running, pid 29603
[26-Feb-2020 12:07:18] NOTICE: ready to handle connections
[26-Feb-2020 14:20:16] NOTICE: Terminating ...
[26-Feb-2020 14:20:16] NOTICE: Terminating ...
[26-Feb-2020 14:20:16] NOTICE: exiting, bye-bye!
[27-Feb-2020 12:57:49] NOTICE: fpm is running, pid 58762
[27-Feb-2020 12:57:49] NOTICE: ready to handle connections
[27-Feb-2020 14:42:51] NOTICE: Terminating ...
[27-Feb-2020 14:42:51] NOTICE: Terminating ...
[27-Feb-2020 14:42:51] NOTICE: exiting, bye-bye!
[27-Feb-2020 14:42:53] NOTICE: fpm is running, pid 65212
[27-Feb-2020 14:42:53] NOTICE: ready to handle connections
[27-Feb-2020 14:47:20] NOTICE: Terminating ...
[27-Feb-2020 14:47:20] NOTICE: Terminating ...
[27-Feb-2020 14:47:20] NOTICE: exiting, bye-bye!
[27-Feb-2020 14:47:23] NOTICE: fpm is running, pid 65454
[27-Feb-2020 14:47:23] NOTICE: ready to handle connections
[27-Feb-2020 14:49:43] NOTICE: Terminating ...
[27-Feb-2020 14:49:43] NOTICE: Terminating ...
[27-Feb-2020 14:49:43] NOTICE: exiting, bye-bye!
[27-Feb-2020 14:49:48] NOTICE: fpm is running, pid 65560
[27-Feb-2020 14:49:48] NOTICE: ready to handle connections
[05-Mar-2020 11:22:46] NOTICE: fpm is running, pid 23847
[05-Mar-2020 11:22:46] NOTICE: ready to handle connections
